   0  $accept : list $end

   1  list :
   2       | list '\n'
   3       | list asgn '\n'
   4       | list stmt '\n'
   5       | list exp '\n'
   6       | list asigncoord '\n'
   7       | list expcoord '\n'

   8  asgn : VAR '=' exp

   9  stmt : exp
  10       | PRINT exp
  11       | asigncoord
  12       | expcoord
  13       | while cond stmt end
  14       | if cond stmt end
  15       | if cond stmt end ELSE stmt end
  16       | for '(' inicio ';' cond ';' inc ')' stmt end
  17       | '{' stmtlist '}'

  18  cond : '(' exp ')'

  19  while : WHILE

  20  if : IF

  21  for : FOR

  22  inicio : exp

  23  inc : exp

  24  end :

  25  stmtlist :
  26           | stmtlist '\n'
  27           | stmtlist stmt

  28  exp : NUMBER
  29      | VAR
  30      | asgn
  31      | BLTIN '(' exp ')'
  32      | exp '+' exp
  33      | exp '-' exp
  34      | exp '*' exp
  35      | exp '/' exp
  36      | exp '^' exp
  37      | '(' exp ')'
  38      | exp EQ exp
  39      | exp NEQ exp
  40      | exp GT exp
  41      | exp GE exp
  42      | exp LT exp
  43      | exp LE exp

  44  asigncoord : VARCRD '=' binstr

  45  binstr : 'c'
  46         | expcoord

  47  expcoord : expcoord '+' expcoord
  48           | expcoord '-' expcoord
  49           | sec

  50  sec : 'c'
  51      | sec instr
  52      | VARCRD

  53  instr : 'e'
  54        | 'n'
  55        | 'o'
  56        | 's'
  57        | 'u'
  58        | 'd'
  59        | '&'
  60        | '%'
  61        | '#'
  62        | '"'

state 0
	$accept : . list $end  (0)
	list : .  (1)

	.  reduce 1

	list  goto 1


state 1
	$accept : list . $end  (0)
	list : list . '\n'  (2)
	list : list . asgn '\n'  (3)
	list : list . stmt '\n'  (4)
	list : list . exp '\n'  (5)
	list : list . asigncoord '\n'  (6)
	list : list . expcoord '\n'  (7)

	$end  accept
	BLTIN  shift 2
	IF  shift 3
	WHILE  shift 4
	FOR  shift 5
	PRINT  shift 6
	NUMBER  shift 7
	'c'  shift 8
	VAR  shift 9
	VARCRD  shift 10
	'\n'  shift 11
	'('  shift 12
	'{'  shift 13
	.  error

	asgn  goto 14
	stmt  goto 15
	exp  goto 16
	asigncoord  goto 17
	expcoord  goto 18
	while  goto 19
	if  goto 20
	for  goto 21
	sec  goto 22


state 2
	exp : BLTIN . '(' exp ')'  (31)

	'('  shift 23
	.  error


state 3
	if : IF .  (20)

	.  reduce 20


state 4
	while : WHILE .  (19)

	.  reduce 19


state 5
	for : FOR .  (21)

	.  reduce 21


state 6
	stmt : PRINT . exp  (10)

	BLTIN  shift 2
	NUMBER  shift 7
	VAR  shift 9
	'('  shift 12
	.  error

	asgn  goto 24
	exp  goto 25


state 7
	exp : NUMBER .  (28)

	.  reduce 28


state 8
	sec : 'c' .  (50)

	.  reduce 50


state 9
	asgn : VAR . '=' exp  (8)
	exp : VAR .  (29)

	'='  shift 26
	BLTIN  reduce 29
	IF  reduce 29
	ELSE  reduce 29
	WHILE  reduce 29
	FOR  reduce 29
	PRINT  reduce 29
	EQ  reduce 29
	NEQ  reduce 29
	GT  reduce 29
	GE  reduce 29
	LT  reduce 29
	LE  reduce 29
	NUMBER  reduce 29
	'c'  reduce 29
	VAR  reduce 29
	VARCRD  reduce 29
	'-'  reduce 29
	'+'  reduce 29
	'*'  reduce 29
	'/'  reduce 29
	'^'  reduce 29
	'\n'  reduce 29
	'('  reduce 29
	';'  reduce 29
	')'  reduce 29
	'{'  reduce 29
	'}'  reduce 29


state 10
	asigncoord : VARCRD . '=' binstr  (44)
	sec : VARCRD .  (52)

	'='  shift 27
	BLTIN  reduce 52
	IF  reduce 52
	ELSE  reduce 52
	WHILE  reduce 52
	FOR  reduce 52
	PRINT  reduce 52
	NUMBER  reduce 52
	'c'  reduce 52
	VAR  reduce 52
	VARCRD  reduce 52
	'-'  reduce 52
	'+'  reduce 52
	'\n'  reduce 52
	'('  reduce 52
	'{'  reduce 52
	'}'  reduce 52
	'e'  reduce 52
	'n'  reduce 52
	'o'  reduce 52
	's'  reduce 52
	'u'  reduce 52
	'd'  reduce 52
	'&'  reduce 52
	'%'  reduce 52
	'#'  reduce 52
	'"'  reduce 52


state 11
	list : list '\n' .  (2)

	.  reduce 2


state 12
	exp : '(' . exp ')'  (37)

	BLTIN  shift 2
	NUMBER  shift 7
	VAR  shift 9
	'('  shift 12
	.  error

	asgn  goto 24
	exp  goto 28


state 13
	stmt : '{' . stmtlist '}'  (17)
	stmtlist : .  (25)

	.  reduce 25

	stmtlist  goto 29


14: shift/reduce conflict (shift 30, reduce 30) on '\n'
state 14
	list : list asgn . '\n'  (3)
	exp : asgn .  (30)

	'\n'  shift 30
	EQ  reduce 30
	NEQ  reduce 30
	GT  reduce 30
	GE  reduce 30
	LT  reduce 30
	LE  reduce 30
	'-'  reduce 30
	'+'  reduce 30
	'*'  reduce 30
	'/'  reduce 30
	'^'  reduce 30


state 15
	list : list stmt . '\n'  (4)

	'\n'  shift 31
	.  error


16: shift/reduce conflict (shift 43, reduce 9) on '\n'
state 16
	list : list exp . '\n'  (5)
	stmt : exp .  (9)
	exp : exp . '+' exp  (32)
	exp : exp . '-' exp  (33)
	exp : exp . '*' exp  (34)
	exp : exp . '/' exp  (35)
	exp : exp . '^' exp  (36)
	exp : exp . EQ exp  (38)
	exp : exp . NEQ exp  (39)
	exp : exp . GT exp  (40)
	exp : exp . GE exp  (41)
	exp : exp . LT exp  (42)
	exp : exp . LE exp  (43)

	EQ  shift 32
	NEQ  shift 33
	GT  shift 34
	GE  shift 35
	LT  shift 36
	LE  shift 37
	'-'  shift 38
	'+'  shift 39
	'*'  shift 40
	'/'  shift 41
	'^'  shift 42
	'\n'  shift 43


17: shift/reduce conflict (shift 44, reduce 11) on '\n'
state 17
	list : list asigncoord . '\n'  (6)
	stmt : asigncoord .  (11)

	'\n'  shift 44


18: shift/reduce conflict (shift 47, reduce 12) on '\n'
state 18
	list : list expcoord . '\n'  (7)
	stmt : expcoord .  (12)
	expcoord : expcoord . '+' expcoord  (47)
	expcoord : expcoord . '-' expcoord  (48)

	'-'  shift 45
	'+'  shift 46
	'\n'  shift 47


state 19
	stmt : while . cond stmt end  (13)

	'('  shift 48
	.  error

	cond  goto 49


state 20
	stmt : if . cond stmt end  (14)
	stmt : if . cond stmt end ELSE stmt end  (15)

	'('  shift 48
	.  error

	cond  goto 50


state 21
	stmt : for . '(' inicio ';' cond ';' inc ')' stmt end  (16)

	'('  shift 51
	.  error


state 22
	expcoord : sec .  (49)
	sec : sec . instr  (51)

	'e'  shift 52
	'n'  shift 53
	'o'  shift 54
	's'  shift 55
	'u'  shift 56
	'd'  shift 57
	'&'  shift 58
	'%'  shift 59
	'#'  shift 60
	'"'  shift 61
	BLTIN  reduce 49
	IF  reduce 49
	ELSE  reduce 49
	WHILE  reduce 49
	FOR  reduce 49
	PRINT  reduce 49
	NUMBER  reduce 49
	'c'  reduce 49
	VAR  reduce 49
	VARCRD  reduce 49
	'-'  reduce 49
	'+'  reduce 49
	'\n'  reduce 49
	'('  reduce 49
	'{'  reduce 49
	'}'  reduce 49

	instr  goto 62


state 23
	exp : BLTIN '(' . exp ')'  (31)

	BLTIN  shift 2
	NUMBER  shift 7
	VAR  shift 9
	'('  shift 12
	.  error

	asgn  goto 24
	exp  goto 63


state 24
	exp : asgn .  (30)

	.  reduce 30


state 25
	stmt : PRINT exp .  (10)
	exp : exp . '+' exp  (32)
	exp : exp . '-' exp  (33)
	exp : exp . '*' exp  (34)
	exp : exp . '/' exp  (35)
	exp : exp . '^' exp  (36)
	exp : exp . EQ exp  (38)
	exp : exp . NEQ exp  (39)
	exp : exp . GT exp  (40)
	exp : exp . GE exp  (41)
	exp : exp . LT exp  (42)
	exp : exp . LE exp  (43)

	EQ  shift 32
	NEQ  shift 33
	GT  shift 34
	GE  shift 35
	LT  shift 36
	LE  shift 37
	'-'  shift 38
	'+'  shift 39
	'*'  shift 40
	'/'  shift 41
	'^'  shift 42
	BLTIN  reduce 10
	IF  reduce 10
	ELSE  reduce 10
	WHILE  reduce 10
	FOR  reduce 10
	PRINT  reduce 10
	NUMBER  reduce 10
	'c'  reduce 10
	VAR  reduce 10
	VARCRD  reduce 10
	'\n'  reduce 10
	'('  reduce 10
	'{'  reduce 10
	'}'  reduce 10


state 26
	asgn : VAR '=' . exp  (8)

	BLTIN  shift 2
	NUMBER  shift 7
	VAR  shift 9
	'('  shift 12
	.  error

	asgn  goto 24
	exp  goto 64


state 27
	asigncoord : VARCRD '=' . binstr  (44)

	'c'  shift 65
	VARCRD  shift 66
	.  error

	expcoord  goto 67
	binstr  goto 68
	sec  goto 22


state 28
	exp : exp . '+' exp  (32)
	exp : exp . '-' exp  (33)
	exp : exp . '*' exp  (34)
	exp : exp . '/' exp  (35)
	exp : exp . '^' exp  (36)
	exp : '(' exp . ')'  (37)
	exp : exp . EQ exp  (38)
	exp : exp . NEQ exp  (39)
	exp : exp . GT exp  (40)
	exp : exp . GE exp  (41)
	exp : exp . LT exp  (42)
	exp : exp . LE exp  (43)

	EQ  shift 32
	NEQ  shift 33
	GT  shift 34
	GE  shift 35
	LT  shift 36
	LE  shift 37
	'-'  shift 38
	'+'  shift 39
	'*'  shift 40
	'/'  shift 41
	'^'  shift 42
	')'  shift 69
	.  error


state 29
	stmt : '{' stmtlist . '}'  (17)
	stmtlist : stmtlist . '\n'  (26)
	stmtlist : stmtlist . stmt  (27)

	BLTIN  shift 2
	IF  shift 3
	WHILE  shift 4
	FOR  shift 5
	PRINT  shift 6
	NUMBER  shift 7
	'c'  shift 8
	VAR  shift 9
	VARCRD  shift 10
	'\n'  shift 70
	'('  shift 12
	'{'  shift 13
	'}'  shift 71
	.  error

	asgn  goto 24
	stmt  goto 72
	exp  goto 73
	asigncoord  goto 74
	expcoord  goto 75
	while  goto 19
	if  goto 20
	for  goto 21
	sec  goto 22


state 30
	list : list asgn '\n' .  (3)

	.  reduce 3


state 31
	list : list stmt '\n' .  (4)

	.  reduce 4


state 32
	exp : exp EQ . exp  (38)

	BLTIN  shift 2
	NUMBER  shift 7
	VAR  shift 9
	'('  shift 12
	.  error

	asgn  goto 24
	exp  goto 76


state 33
	exp : exp NEQ . exp  (39)

	BLTIN  shift 2
	NUMBER  shift 7
	VAR  shift 9
	'('  shift 12
	.  error

	asgn  goto 24
	exp  goto 77


state 34
	exp : exp GT . exp  (40)

	BLTIN  shift 2
	NUMBER  shift 7
	VAR  shift 9
	'('  shift 12
	.  error

	asgn  goto 24
	exp  goto 78


state 35
	exp : exp GE . exp  (41)

	BLTIN  shift 2
	NUMBER  shift 7
	VAR  shift 9
	'('  shift 12
	.  error

	asgn  goto 24
	exp  goto 79


state 36
	exp : exp LT . exp  (42)

	BLTIN  shift 2
	NUMBER  shift 7
	VAR  shift 9
	'('  shift 12
	.  error

	asgn  goto 24
	exp  goto 80


state 37
	exp : exp LE . exp  (43)

	BLTIN  shift 2
	NUMBER  shift 7
	VAR  shift 9
	'('  shift 12
	.  error

	asgn  goto 24
	exp  goto 81


state 38
	exp : exp '-' . exp  (33)

	BLTIN  shift 2
	NUMBER  shift 7
	VAR  shift 9
	'('  shift 12
	.  error

	asgn  goto 24
	exp  goto 82


state 39
	exp : exp '+' . exp  (32)

	BLTIN  shift 2
	NUMBER  shift 7
	VAR  shift 9
	'('  shift 12
	.  error

	asgn  goto 24
	exp  goto 83


state 40
	exp : exp '*' . exp  (34)

	BLTIN  shift 2
	NUMBER  shift 7
	VAR  shift 9
	'('  shift 12
	.  error

	asgn  goto 24
	exp  goto 84


state 41
	exp : exp '/' . exp  (35)

	BLTIN  shift 2
	NUMBER  shift 7
	VAR  shift 9
	'('  shift 12
	.  error

	asgn  goto 24
	exp  goto 85


state 42
	exp : exp '^' . exp  (36)

	BLTIN  shift 2
	NUMBER  shift 7
	VAR  shift 9
	'('  shift 12
	.  error

	asgn  goto 24
	exp  goto 86


state 43
	list : list exp '\n' .  (5)

	.  reduce 5


state 44
	list : list asigncoord '\n' .  (6)

	.  reduce 6


state 45
	expcoord : expcoord '-' . expcoord  (48)

	'c'  shift 8
	VARCRD  shift 66
	.  error

	expcoord  goto 87
	sec  goto 22


state 46
	expcoord : expcoord '+' . expcoord  (47)

	'c'  shift 8
	VARCRD  shift 66
	.  error

	expcoord  goto 88
	sec  goto 22


state 47
	list : list expcoord '\n' .  (7)

	.  reduce 7


state 48
	cond : '(' . exp ')'  (18)

	BLTIN  shift 2
	NUMBER  shift 7
	VAR  shift 9
	'('  shift 12
	.  error

	asgn  goto 24
	exp  goto 89


state 49
	stmt : while cond . stmt end  (13)

	BLTIN  shift 2
	IF  shift 3
	WHILE  shift 4
	FOR  shift 5
	PRINT  shift 6
	NUMBER  shift 7
	'c'  shift 8
	VAR  shift 9
	VARCRD  shift 10
	'('  shift 12
	'{'  shift 13
	.  error

	asgn  goto 24
	stmt  goto 90
	exp  goto 73
	asigncoord  goto 74
	expcoord  goto 75
	while  goto 19
	if  goto 20
	for  goto 21
	sec  goto 22


state 50
	stmt : if cond . stmt end  (14)
	stmt : if cond . stmt end ELSE stmt end  (15)

	BLTIN  shift 2
	IF  shift 3
	WHILE  shift 4
	FOR  shift 5
	PRINT  shift 6
	NUMBER  shift 7
	'c'  shift 8
	VAR  shift 9
	VARCRD  shift 10
	'('  shift 12
	'{'  shift 13
	.  error

	asgn  goto 24
	stmt  goto 91
	exp  goto 73
	asigncoord  goto 74
	expcoord  goto 75
	while  goto 19
	if  goto 20
	for  goto 21
	sec  goto 22


state 51
	stmt : for '(' . inicio ';' cond ';' inc ')' stmt end  (16)

	BLTIN  shift 2
	NUMBER  shift 7
	VAR  shift 9
	'('  shift 12
	.  error

	asgn  goto 24
	exp  goto 92
	inicio  goto 93


state 52
	instr : 'e' .  (53)

	.  reduce 53


state 53
	instr : 'n' .  (54)

	.  reduce 54


state 54
	instr : 'o' .  (55)

	.  reduce 55


state 55
	instr : 's' .  (56)

	.  reduce 56


state 56
	instr : 'u' .  (57)

	.  reduce 57


state 57
	instr : 'd' .  (58)

	.  reduce 58


state 58
	instr : '&' .  (59)

	.  reduce 59


state 59
	instr : '%' .  (60)

	.  reduce 60


state 60
	instr : '#' .  (61)

	.  reduce 61


state 61
	instr : '"' .  (62)

	.  reduce 62


state 62
	sec : sec instr .  (51)

	.  reduce 51


state 63
	exp : BLTIN '(' exp . ')'  (31)
	exp : exp . '+' exp  (32)
	exp : exp . '-' exp  (33)
	exp : exp . '*' exp  (34)
	exp : exp . '/' exp  (35)
	exp : exp . '^' exp  (36)
	exp : exp . EQ exp  (38)
	exp : exp . NEQ exp  (39)
	exp : exp . GT exp  (40)
	exp : exp . GE exp  (41)
	exp : exp . LT exp  (42)
	exp : exp . LE exp  (43)

	EQ  shift 32
	NEQ  shift 33
	GT  shift 34
	GE  shift 35
	LT  shift 36
	LE  shift 37
	'-'  shift 38
	'+'  shift 39
	'*'  shift 40
	'/'  shift 41
	'^'  shift 42
	')'  shift 94
	.  error


state 64
	asgn : VAR '=' exp .  (8)
	exp : exp . '+' exp  (32)
	exp : exp . '-' exp  (33)
	exp : exp . '*' exp  (34)
	exp : exp . '/' exp  (35)
	exp : exp . '^' exp  (36)
	exp : exp . EQ exp  (38)
	exp : exp . NEQ exp  (39)
	exp : exp . GT exp  (40)
	exp : exp . GE exp  (41)
	exp : exp . LT exp  (42)
	exp : exp . LE exp  (43)

	EQ  shift 32
	NEQ  shift 33
	GT  shift 34
	GE  shift 35
	LT  shift 36
	LE  shift 37
	'-'  shift 38
	'+'  shift 39
	'*'  shift 40
	'/'  shift 41
	'^'  shift 42
	BLTIN  reduce 8
	IF  reduce 8
	ELSE  reduce 8
	WHILE  reduce 8
	FOR  reduce 8
	PRINT  reduce 8
	NUMBER  reduce 8
	'c'  reduce 8
	VAR  reduce 8
	VARCRD  reduce 8
	'\n'  reduce 8
	'('  reduce 8
	';'  reduce 8
	')'  reduce 8
	'{'  reduce 8
	'}'  reduce 8


65: reduce/reduce conflict (reduce 45, reduce 50) on BLTIN
65: reduce/reduce conflict (reduce 45, reduce 50) on IF
65: reduce/reduce conflict (reduce 45, reduce 50) on ELSE
65: reduce/reduce conflict (reduce 45, reduce 50) on WHILE
65: reduce/reduce conflict (reduce 45, reduce 50) on FOR
65: reduce/reduce conflict (reduce 45, reduce 50) on PRINT
65: reduce/reduce conflict (reduce 45, reduce 50) on NUMBER
65: reduce/reduce conflict (reduce 45, reduce 50) on 'c'
65: reduce/reduce conflict (reduce 45, reduce 50) on VAR
65: reduce/reduce conflict (reduce 45, reduce 50) on VARCRD
65: reduce/reduce conflict (reduce 45, reduce 50) on '\n'
65: reduce/reduce conflict (reduce 45, reduce 50) on '('
65: reduce/reduce conflict (reduce 45, reduce 50) on '{'
65: reduce/reduce conflict (reduce 45, reduce 50) on '}'
state 65
	binstr : 'c' .  (45)
	sec : 'c' .  (50)

	BLTIN  reduce 45
	IF  reduce 45
	ELSE  reduce 45
	WHILE  reduce 45
	FOR  reduce 45
	PRINT  reduce 45
	NUMBER  reduce 45
	'c'  reduce 45
	VAR  reduce 45
	VARCRD  reduce 45
	'-'  reduce 50
	'+'  reduce 50
	'\n'  reduce 45
	'('  reduce 45
	'{'  reduce 45
	'}'  reduce 45
	'e'  reduce 50
	'n'  reduce 50
	'o'  reduce 50
	's'  reduce 50
	'u'  reduce 50
	'd'  reduce 50
	'&'  reduce 50
	'%'  reduce 50
	'#'  reduce 50
	'"'  reduce 50


state 66
	sec : VARCRD .  (52)

	.  reduce 52


state 67
	binstr : expcoord .  (46)
	expcoord : expcoord . '+' expcoord  (47)
	expcoord : expcoord . '-' expcoord  (48)

	'-'  shift 45
	'+'  shift 46
	BLTIN  reduce 46
	IF  reduce 46
	ELSE  reduce 46
	WHILE  reduce 46
	FOR  reduce 46
	PRINT  reduce 46
	NUMBER  reduce 46
	'c'  reduce 46
	VAR  reduce 46
	VARCRD  reduce 46
	'\n'  reduce 46
	'('  reduce 46
	'{'  reduce 46
	'}'  reduce 46


state 68
	asigncoord : VARCRD '=' binstr .  (44)

	.  reduce 44


state 69
	exp : '(' exp ')' .  (37)

	.  reduce 37


state 70
	stmtlist : stmtlist '\n' .  (26)

	.  reduce 26


state 71
	stmt : '{' stmtlist '}' .  (17)

	.  reduce 17


state 72
	stmtlist : stmtlist stmt .  (27)

	.  reduce 27


state 73
	stmt : exp .  (9)
	exp : exp . '+' exp  (32)
	exp : exp . '-' exp  (33)
	exp : exp . '*' exp  (34)
	exp : exp . '/' exp  (35)
	exp : exp . '^' exp  (36)
	exp : exp . EQ exp  (38)
	exp : exp . NEQ exp  (39)
	exp : exp . GT exp  (40)
	exp : exp . GE exp  (41)
	exp : exp . LT exp  (42)
	exp : exp . LE exp  (43)

	EQ  shift 32
	NEQ  shift 33
	GT  shift 34
	GE  shift 35
	LT  shift 36
	LE  shift 37
	'-'  shift 38
	'+'  shift 39
	'*'  shift 40
	'/'  shift 41
	'^'  shift 42
	BLTIN  reduce 9
	IF  reduce 9
	ELSE  reduce 9
	WHILE  reduce 9
	FOR  reduce 9
	PRINT  reduce 9
	NUMBER  reduce 9
	'c'  reduce 9
	VAR  reduce 9
	VARCRD  reduce 9
	'\n'  reduce 9
	'('  reduce 9
	'{'  reduce 9
	'}'  reduce 9


state 74
	stmt : asigncoord .  (11)

	.  reduce 11


state 75
	stmt : expcoord .  (12)
	expcoord : expcoord . '+' expcoord  (47)
	expcoord : expcoord . '-' expcoord  (48)

	'-'  shift 45
	'+'  shift 46
	BLTIN  reduce 12
	IF  reduce 12
	ELSE  reduce 12
	WHILE  reduce 12
	FOR  reduce 12
	PRINT  reduce 12
	NUMBER  reduce 12
	'c'  reduce 12
	VAR  reduce 12
	VARCRD  reduce 12
	'\n'  reduce 12
	'('  reduce 12
	'{'  reduce 12
	'}'  reduce 12


state 76
	exp : exp . '+' exp  (32)
	exp : exp . '-' exp  (33)
	exp : exp . '*' exp  (34)
	exp : exp . '/' exp  (35)
	exp : exp . '^' exp  (36)
	exp : exp . EQ exp  (38)
	exp : exp EQ exp .  (38)
	exp : exp . NEQ exp  (39)
	exp : exp . GT exp  (40)
	exp : exp . GE exp  (41)
	exp : exp . LT exp  (42)
	exp : exp . LE exp  (43)

	EQ  shift 32
	NEQ  shift 33
	GT  shift 34
	GE  shift 35
	LT  shift 36
	LE  shift 37
	BLTIN  reduce 38
	IF  reduce 38
	ELSE  reduce 38
	WHILE  reduce 38
	FOR  reduce 38
	PRINT  reduce 38
	NUMBER  reduce 38
	'c'  reduce 38
	VAR  reduce 38
	VARCRD  reduce 38
	'-'  reduce 38
	'+'  reduce 38
	'*'  reduce 38
	'/'  reduce 38
	'^'  reduce 38
	'\n'  reduce 38
	'('  reduce 38
	';'  reduce 38
	')'  reduce 38
	'{'  reduce 38
	'}'  reduce 38


state 77
	exp : exp . '+' exp  (32)
	exp : exp . '-' exp  (33)
	exp : exp . '*' exp  (34)
	exp : exp . '/' exp  (35)
	exp : exp . '^' exp  (36)
	exp : exp . EQ exp  (38)
	exp : exp . NEQ exp  (39)
	exp : exp NEQ exp .  (39)
	exp : exp . GT exp  (40)
	exp : exp . GE exp  (41)
	exp : exp . LT exp  (42)
	exp : exp . LE exp  (43)

	EQ  shift 32
	NEQ  shift 33
	GT  shift 34
	GE  shift 35
	LT  shift 36
	LE  shift 37
	BLTIN  reduce 39
	IF  reduce 39
	ELSE  reduce 39
	WHILE  reduce 39
	FOR  reduce 39
	PRINT  reduce 39
	NUMBER  reduce 39
	'c'  reduce 39
	VAR  reduce 39
	VARCRD  reduce 39
	'-'  reduce 39
	'+'  reduce 39
	'*'  reduce 39
	'/'  reduce 39
	'^'  reduce 39
	'\n'  reduce 39
	'('  reduce 39
	';'  reduce 39
	')'  reduce 39
	'{'  reduce 39
	'}'  reduce 39


state 78
	exp : exp . '+' exp  (32)
	exp : exp . '-' exp  (33)
	exp : exp . '*' exp  (34)
	exp : exp . '/' exp  (35)
	exp : exp . '^' exp  (36)
	exp : exp . EQ exp  (38)
	exp : exp . NEQ exp  (39)
	exp : exp . GT exp  (40)
	exp : exp GT exp .  (40)
	exp : exp . GE exp  (41)
	exp : exp . LT exp  (42)
	exp : exp . LE exp  (43)

	EQ  shift 32
	NEQ  shift 33
	GT  shift 34
	GE  shift 35
	LT  shift 36
	LE  shift 37
	BLTIN  reduce 40
	IF  reduce 40
	ELSE  reduce 40
	WHILE  reduce 40
	FOR  reduce 40
	PRINT  reduce 40
	NUMBER  reduce 40
	'c'  reduce 40
	VAR  reduce 40
	VARCRD  reduce 40
	'-'  reduce 40
	'+'  reduce 40
	'*'  reduce 40
	'/'  reduce 40
	'^'  reduce 40
	'\n'  reduce 40
	'('  reduce 40
	';'  reduce 40
	')'  reduce 40
	'{'  reduce 40
	'}'  reduce 40


state 79
	exp : exp . '+' exp  (32)
	exp : exp . '-' exp  (33)
	exp : exp . '*' exp  (34)
	exp : exp . '/' exp  (35)
	exp : exp . '^' exp  (36)
	exp : exp . EQ exp  (38)
	exp : exp . NEQ exp  (39)
	exp : exp . GT exp  (40)
	exp : exp . GE exp  (41)
	exp : exp GE exp .  (41)
	exp : exp . LT exp  (42)
	exp : exp . LE exp  (43)

	EQ  shift 32
	NEQ  shift 33
	GT  shift 34
	GE  shift 35
	LT  shift 36
	LE  shift 37
	BLTIN  reduce 41
	IF  reduce 41
	ELSE  reduce 41
	WHILE  reduce 41
	FOR  reduce 41
	PRINT  reduce 41
	NUMBER  reduce 41
	'c'  reduce 41
	VAR  reduce 41
	VARCRD  reduce 41
	'-'  reduce 41
	'+'  reduce 41
	'*'  reduce 41
	'/'  reduce 41
	'^'  reduce 41
	'\n'  reduce 41
	'('  reduce 41
	';'  reduce 41
	')'  reduce 41
	'{'  reduce 41
	'}'  reduce 41


state 80
	exp : exp . '+' exp  (32)
	exp : exp . '-' exp  (33)
	exp : exp . '*' exp  (34)
	exp : exp . '/' exp  (35)
	exp : exp . '^' exp  (36)
	exp : exp . EQ exp  (38)
	exp : exp . NEQ exp  (39)
	exp : exp . GT exp  (40)
	exp : exp . GE exp  (41)
	exp : exp . LT exp  (42)
	exp : exp LT exp .  (42)
	exp : exp . LE exp  (43)

	EQ  shift 32
	NEQ  shift 33
	GT  shift 34
	GE  shift 35
	LT  shift 36
	LE  shift 37
	BLTIN  reduce 42
	IF  reduce 42
	ELSE  reduce 42
	WHILE  reduce 42
	FOR  reduce 42
	PRINT  reduce 42
	NUMBER  reduce 42
	'c'  reduce 42
	VAR  reduce 42
	VARCRD  reduce 42
	'-'  reduce 42
	'+'  reduce 42
	'*'  reduce 42
	'/'  reduce 42
	'^'  reduce 42
	'\n'  reduce 42
	'('  reduce 42
	';'  reduce 42
	')'  reduce 42
	'{'  reduce 42
	'}'  reduce 42


state 81
	exp : exp . '+' exp  (32)
	exp : exp . '-' exp  (33)
	exp : exp . '*' exp  (34)
	exp : exp . '/' exp  (35)
	exp : exp . '^' exp  (36)
	exp : exp . EQ exp  (38)
	exp : exp . NEQ exp  (39)
	exp : exp . GT exp  (40)
	exp : exp . GE exp  (41)
	exp : exp . LT exp  (42)
	exp : exp . LE exp  (43)
	exp : exp LE exp .  (43)

	EQ  shift 32
	NEQ  shift 33
	GT  shift 34
	GE  shift 35
	LT  shift 36
	LE  shift 37
	BLTIN  reduce 43
	IF  reduce 43
	ELSE  reduce 43
	WHILE  reduce 43
	FOR  reduce 43
	PRINT  reduce 43
	NUMBER  reduce 43
	'c'  reduce 43
	VAR  reduce 43
	VARCRD  reduce 43
	'-'  reduce 43
	'+'  reduce 43
	'*'  reduce 43
	'/'  reduce 43
	'^'  reduce 43
	'\n'  reduce 43
	'('  reduce 43
	';'  reduce 43
	')'  reduce 43
	'{'  reduce 43
	'}'  reduce 43


state 82
	exp : exp . '+' exp  (32)
	exp : exp . '-' exp  (33)
	exp : exp '-' exp .  (33)
	exp : exp . '*' exp  (34)
	exp : exp . '/' exp  (35)
	exp : exp . '^' exp  (36)
	exp : exp . EQ exp  (38)
	exp : exp . NEQ exp  (39)
	exp : exp . GT exp  (40)
	exp : exp . GE exp  (41)
	exp : exp . LT exp  (42)
	exp : exp . LE exp  (43)

	EQ  shift 32
	NEQ  shift 33
	GT  shift 34
	GE  shift 35
	LT  shift 36
	LE  shift 37
	'*'  shift 40
	'/'  shift 41
	'^'  shift 42
	BLTIN  reduce 33
	IF  reduce 33
	ELSE  reduce 33
	WHILE  reduce 33
	FOR  reduce 33
	PRINT  reduce 33
	NUMBER  reduce 33
	'c'  reduce 33
	VAR  reduce 33
	VARCRD  reduce 33
	'-'  reduce 33
	'+'  reduce 33
	'\n'  reduce 33
	'('  reduce 33
	';'  reduce 33
	')'  reduce 33
	'{'  reduce 33
	'}'  reduce 33


state 83
	exp : exp . '+' exp  (32)
	exp : exp '+' exp .  (32)
	exp : exp . '-' exp  (33)
	exp : exp . '*' exp  (34)
	exp : exp . '/' exp  (35)
	exp : exp . '^' exp  (36)
	exp : exp . EQ exp  (38)
	exp : exp . NEQ exp  (39)
	exp : exp . GT exp  (40)
	exp : exp . GE exp  (41)
	exp : exp . LT exp  (42)
	exp : exp . LE exp  (43)

	EQ  shift 32
	NEQ  shift 33
	GT  shift 34
	GE  shift 35
	LT  shift 36
	LE  shift 37
	'*'  shift 40
	'/'  shift 41
	'^'  shift 42
	BLTIN  reduce 32
	IF  reduce 32
	ELSE  reduce 32
	WHILE  reduce 32
	FOR  reduce 32
	PRINT  reduce 32
	NUMBER  reduce 32
	'c'  reduce 32
	VAR  reduce 32
	VARCRD  reduce 32
	'-'  reduce 32
	'+'  reduce 32
	'\n'  reduce 32
	'('  reduce 32
	';'  reduce 32
	')'  reduce 32
	'{'  reduce 32
	'}'  reduce 32


state 84
	exp : exp . '+' exp  (32)
	exp : exp . '-' exp  (33)
	exp : exp . '*' exp  (34)
	exp : exp '*' exp .  (34)
	exp : exp . '/' exp  (35)
	exp : exp . '^' exp  (36)
	exp : exp . EQ exp  (38)
	exp : exp . NEQ exp  (39)
	exp : exp . GT exp  (40)
	exp : exp . GE exp  (41)
	exp : exp . LT exp  (42)
	exp : exp . LE exp  (43)

	EQ  shift 32
	NEQ  shift 33
	GT  shift 34
	GE  shift 35
	LT  shift 36
	LE  shift 37
	BLTIN  reduce 34
	IF  reduce 34
	ELSE  reduce 34
	WHILE  reduce 34
	FOR  reduce 34
	PRINT  reduce 34
	NUMBER  reduce 34
	'c'  reduce 34
	VAR  reduce 34
	VARCRD  reduce 34
	'-'  reduce 34
	'+'  reduce 34
	'*'  reduce 34
	'/'  reduce 34
	'^'  reduce 34
	'\n'  reduce 34
	'('  reduce 34
	';'  reduce 34
	')'  reduce 34
	'{'  reduce 34
	'}'  reduce 34


state 85
	exp : exp . '+' exp  (32)
	exp : exp . '-' exp  (33)
	exp : exp . '*' exp  (34)
	exp : exp . '/' exp  (35)
	exp : exp '/' exp .  (35)
	exp : exp . '^' exp  (36)
	exp : exp . EQ exp  (38)
	exp : exp . NEQ exp  (39)
	exp : exp . GT exp  (40)
	exp : exp . GE exp  (41)
	exp : exp . LT exp  (42)
	exp : exp . LE exp  (43)

	EQ  shift 32
	NEQ  shift 33
	GT  shift 34
	GE  shift 35
	LT  shift 36
	LE  shift 37
	BLTIN  reduce 35
	IF  reduce 35
	ELSE  reduce 35
	WHILE  reduce 35
	FOR  reduce 35
	PRINT  reduce 35
	NUMBER  reduce 35
	'c'  reduce 35
	VAR  reduce 35
	VARCRD  reduce 35
	'-'  reduce 35
	'+'  reduce 35
	'*'  reduce 35
	'/'  reduce 35
	'^'  reduce 35
	'\n'  reduce 35
	'('  reduce 35
	';'  reduce 35
	')'  reduce 35
	'{'  reduce 35
	'}'  reduce 35


state 86
	exp : exp . '+' exp  (32)
	exp : exp . '-' exp  (33)
	exp : exp . '*' exp  (34)
	exp : exp . '/' exp  (35)
	exp : exp . '^' exp  (36)
	exp : exp '^' exp .  (36)
	exp : exp . EQ exp  (38)
	exp : exp . NEQ exp  (39)
	exp : exp . GT exp  (40)
	exp : exp . GE exp  (41)
	exp : exp . LT exp  (42)
	exp : exp . LE exp  (43)

	EQ  shift 32
	NEQ  shift 33
	GT  shift 34
	GE  shift 35
	LT  shift 36
	LE  shift 37
	BLTIN  reduce 36
	IF  reduce 36
	ELSE  reduce 36
	WHILE  reduce 36
	FOR  reduce 36
	PRINT  reduce 36
	NUMBER  reduce 36
	'c'  reduce 36
	VAR  reduce 36
	VARCRD  reduce 36
	'-'  reduce 36
	'+'  reduce 36
	'*'  reduce 36
	'/'  reduce 36
	'^'  reduce 36
	'\n'  reduce 36
	'('  reduce 36
	';'  reduce 36
	')'  reduce 36
	'{'  reduce 36
	'}'  reduce 36


state 87
	expcoord : expcoord . '+' expcoord  (47)
	expcoord : expcoord . '-' expcoord  (48)
	expcoord : expcoord '-' expcoord .  (48)

	.  reduce 48


state 88
	expcoord : expcoord . '+' expcoord  (47)
	expcoord : expcoord '+' expcoord .  (47)
	expcoord : expcoord . '-' expcoord  (48)

	.  reduce 47


state 89
	cond : '(' exp . ')'  (18)
	exp : exp . '+' exp  (32)
	exp : exp . '-' exp  (33)
	exp : exp . '*' exp  (34)
	exp : exp . '/' exp  (35)
	exp : exp . '^' exp  (36)
	exp : exp . EQ exp  (38)
	exp : exp . NEQ exp  (39)
	exp : exp . GT exp  (40)
	exp : exp . GE exp  (41)
	exp : exp . LT exp  (42)
	exp : exp . LE exp  (43)

	EQ  shift 32
	NEQ  shift 33
	GT  shift 34
	GE  shift 35
	LT  shift 36
	LE  shift 37
	'-'  shift 38
	'+'  shift 39
	'*'  shift 40
	'/'  shift 41
	'^'  shift 42
	')'  shift 95
	.  error


state 90
	stmt : while cond stmt . end  (13)
	end : .  (24)

	.  reduce 24

	end  goto 96


state 91
	stmt : if cond stmt . end  (14)
	stmt : if cond stmt . end ELSE stmt end  (15)
	end : .  (24)

	.  reduce 24

	end  goto 97


state 92
	inicio : exp .  (22)
	exp : exp . '+' exp  (32)
	exp : exp . '-' exp  (33)
	exp : exp . '*' exp  (34)
	exp : exp . '/' exp  (35)
	exp : exp . '^' exp  (36)
	exp : exp . EQ exp  (38)
	exp : exp . NEQ exp  (39)
	exp : exp . GT exp  (40)
	exp : exp . GE exp  (41)
	exp : exp . LT exp  (42)
	exp : exp . LE exp  (43)

	EQ  shift 32
	NEQ  shift 33
	GT  shift 34
	GE  shift 35
	LT  shift 36
	LE  shift 37
	'-'  shift 38
	'+'  shift 39
	'*'  shift 40
	'/'  shift 41
	'^'  shift 42
	';'  reduce 22


state 93
	stmt : for '(' inicio . ';' cond ';' inc ')' stmt end  (16)

	';'  shift 98
	.  error


state 94
	exp : BLTIN '(' exp ')' .  (31)

	.  reduce 31


state 95
	cond : '(' exp ')' .  (18)

	.  reduce 18


state 96
	stmt : while cond stmt end .  (13)

	.  reduce 13


97: shift/reduce conflict (shift 99, reduce 14) on ELSE
state 97
	stmt : if cond stmt end .  (14)
	stmt : if cond stmt end . ELSE stmt end  (15)

	ELSE  shift 99
	BLTIN  reduce 14
	IF  reduce 14
	WHILE  reduce 14
	FOR  reduce 14
	PRINT  reduce 14
	NUMBER  reduce 14
	'c'  reduce 14
	VAR  reduce 14
	VARCRD  reduce 14
	'\n'  reduce 14
	'('  reduce 14
	'{'  reduce 14
	'}'  reduce 14


state 98
	stmt : for '(' inicio ';' . cond ';' inc ')' stmt end  (16)

	'('  shift 48
	.  error

	cond  goto 100


state 99
	stmt : if cond stmt end ELSE . stmt end  (15)

	BLTIN  shift 2
	IF  shift 3
	WHILE  shift 4
	FOR  shift 5
	PRINT  shift 6
	NUMBER  shift 7
	'c'  shift 8
	VAR  shift 9
	VARCRD  shift 10
	'('  shift 12
	'{'  shift 13
	.  error

	asgn  goto 24
	stmt  goto 101
	exp  goto 73
	asigncoord  goto 74
	expcoord  goto 75
	while  goto 19
	if  goto 20
	for  goto 21
	sec  goto 22


state 100
	stmt : for '(' inicio ';' cond . ';' inc ')' stmt end  (16)

	';'  shift 102
	.  error


state 101
	stmt : if cond stmt end ELSE stmt . end  (15)
	end : .  (24)

	.  reduce 24

	end  goto 103


state 102
	stmt : for '(' inicio ';' cond ';' . inc ')' stmt end  (16)

	BLTIN  shift 2
	NUMBER  shift 7
	VAR  shift 9
	'('  shift 12
	.  error

	asgn  goto 24
	exp  goto 104
	inc  goto 105


state 103
	stmt : if cond stmt end ELSE stmt end .  (15)

	.  reduce 15


state 104
	inc : exp .  (23)
	exp : exp . '+' exp  (32)
	exp : exp . '-' exp  (33)
	exp : exp . '*' exp  (34)
	exp : exp . '/' exp  (35)
	exp : exp . '^' exp  (36)
	exp : exp . EQ exp  (38)
	exp : exp . NEQ exp  (39)
	exp : exp . GT exp  (40)
	exp : exp . GE exp  (41)
	exp : exp . LT exp  (42)
	exp : exp . LE exp  (43)

	EQ  shift 32
	NEQ  shift 33
	GT  shift 34
	GE  shift 35
	LT  shift 36
	LE  shift 37
	'-'  shift 38
	'+'  shift 39
	'*'  shift 40
	'/'  shift 41
	'^'  shift 42
	')'  reduce 23


state 105
	stmt : for '(' inicio ';' cond ';' inc . ')' stmt end  (16)

	')'  shift 106
	.  error


state 106
	stmt : for '(' inicio ';' cond ';' inc ')' . stmt end  (16)

	BLTIN  shift 2
	IF  shift 3
	WHILE  shift 4
	FOR  shift 5
	PRINT  shift 6
	NUMBER  shift 7
	'c'  shift 8
	VAR  shift 9
	VARCRD  shift 10
	'('  shift 12
	'{'  shift 13
	.  error

	asgn  goto 24
	stmt  goto 107
	exp  goto 73
	asigncoord  goto 74
	expcoord  goto 75
	while  goto 19
	if  goto 20
	for  goto 21
	sec  goto 22


state 107
	stmt : for '(' inicio ';' cond ';' inc ')' stmt . end  (16)
	end : .  (24)

	.  reduce 24

	end  goto 108


state 108
	stmt : for '(' inicio ';' cond ';' inc ')' stmt end .  (16)

	.  reduce 16


State 14 contains 1 shift/reduce conflict.
State 16 contains 1 shift/reduce conflict.
State 17 contains 1 shift/reduce conflict.
State 18 contains 1 shift/reduce conflict.
State 65 contains 14 reduce/reduce conflicts.
State 97 contains 1 shift/reduce conflict.


40 terminals, 18 nonterminals
63 grammar rules, 109 states
